[2023-10-19 06:39:46] local.ERROR: Undefined array key 10 {"view":{"view":"/home/workerman/public_html/dashboard/Modules/Sales/src/resources/views/invoice/invoice-details-pdf/invoice_template_1.blade.php","data":{"errors":"<pre class=sf-dump id=sf-dump-957938071 data-indent-pad=\"  \"><span class=sf-dump-note>Illuminate\\Support\\ViewErrorBag</span> {<a class=sf-dump-ref>#1979</a><samp data-depth=1 class=sf-dump-expanded>
  #<span class=sf-dump-protected title=\"Protected property\">bags</span>: []
</samp>}
</pre><script>Sfdump(\"sf-dump-957938071\", {\"maxDepth\":3,\"maxStringLength\":160})</script>
","data":"<pre class=sf-dump id=sf-dump-685819506 data-indent-pad=\"  \">{<a class=sf-dump-ref>#2244</a><samp data-depth=1 class=sf-dump-expanded>
  +\"<span class=sf-dump-public title=\"Runtime added dynamic property\">quote_detail</span>\": {<a class=sf-dump-ref>#2218</a><samp data-depth=2 class=sf-dump-compact>
    +\"<span class=sf-dump-public title=\"Runtime added dynamic property\">id</span>\": <span class=sf-dump-num>10</span>
    +\"<span class=sf-dump-public title=\"Runtime added dynamic property\">invoice_number</span>\": \"<span class=sf-dump-str title=\"13 characters\">IITPL23071086</span>\"
    +\"<span class=sf-dump-public title=\"Runtime added dynamic property\">customer_id</span>\": <span class=sf-dump-num>10</span>
    +\"<span class=sf-dump-public title=\"Runtime added dynamic property\">address_id</span>\": <span class=sf-dump-num>10</span>
    +\"<span class=sf-dump-public title=\"Runtime added dynamic property\">invoice_date</span>\": \"<span class=sf-dump-str title=\"10 characters\">2023-07-25</span>\"
    +\"<span class=sf-dump-public title=\"Runtime added dynamic property\">due_date</span>\": \"<span class=sf-dump-str title=\"10 characters\">2023-07-25</span>\"
    +\"<span class=sf-dump-public title=\"Runtime added dynamic property\">currency</span>\": \"<span class=sf-dump-str title=\"3 characters\">USD</span>\"
    +\"<span class=sf-dump-public title=\"Runtime added dynamic property\">subtotal</span>\": \"<span class=sf-dump-str title=\"7 characters\">1110.03</span>\"
    +\"<span class=sf-dump-public title=\"Runtime added dynamic property\">tax_type</span>\": <span class=sf-dump-num>1</span>
    +\"<span class=sf-dump-public title=\"Runtime added dynamic property\">tax_group_id</span>\": <span class=sf-dump-const>null</span>
    +\"<span class=sf-dump-public title=\"Runtime added dynamic property\">discount</span>\": <span class=sf-dump-const>null</span>
    +\"<span class=sf-dump-public title=\"Runtime added dynamic property\">shipping_cost</span>\": <span class=sf-dump-const>null</span>
    +\"<span class=sf-dump-public title=\"Runtime added dynamic property\">taxable_value</span>\": \"<span class=sf-dump-str title=\"7 characters\">1110.03</span>\"
    +\"<span class=sf-dump-public title=\"Runtime added dynamic property\">total_tax</span>\": \"<span class=sf-dump-str title=\"4 characters\">0.00</span>\"
    +\"<span class=sf-dump-public title=\"Runtime added dynamic property\">tax_component</span>\": \"<span class=sf-dump-str title=\"37 characters\">[{&quot;SGST&quot;:&quot;&quot;},{&quot;CGST&quot;:&quot;&quot;},{&quot;IGST&quot;:&quot;&quot;}]</span>\"
    +\"<span class=sf-dump-public title=\"Runtime added dynamic property\">final_cost</span>\": \"<span class=sf-dump-str title=\"7 characters\">1110.03</span>\"
    +\"<span class=sf-dump-public title=\"Runtime added dynamic property\">note</span>\": <span class=sf-dump-const>null</span>
    +\"<span class=sf-dump-public title=\"Runtime added dynamic property\">payment_term_id</span>\": <span class=sf-dump-const>null</span>
    +\"<span class=sf-dump-public title=\"Runtime added dynamic property\">template</span>\": <span class=sf-dump-const>null</span>
    +\"<span class=sf-dump-public title=\"Runtime added dynamic property\">details</span>\": \"<span class=sf-dump-str title=\"117 characters\">{&quot;bank_account&quot;:&quot;yes&quot;,&quot;notes&quot;:&quot;yes&quot;,&quot;declaration&quot;:&quot;yes&quot;,&quot;term_and_condition&quot;:&quot;no&quot;,&quot;footer_info&quot;:&quot;yes&quot;,&quot;contact&quot;:&quot;no&quot;}</span>\"
    +\"<span class=sf-dump-public title=\"Runtime added dynamic property\">status</span>\": \"<span class=sf-dump-str title=\"6 characters\">unpaid</span>\"
    +\"<span class=sf-dump-public title=\"Runtime added dynamic property\">created_at</span>\": \"<span class=sf-dump-str title=\"27 characters\">2023-10-18T11:49:54.000000Z</span>\"
    +\"<span class=sf-dump-public title=\"Runtime added dynamic property\">updated_at</span>\": \"<span class=sf-dump-str title=\"27 characters\">2023-10-19T06:07:25.000000Z</span>\"
    +\"<span class=sf-dump-public title=\"Runtime added dynamic property\">created_by</span>\": <span class=sf-dump-num>1</span>
    +\"<span class=sf-dump-public title=\"Runtime added dynamic property\">currency_symbol</span>\": \"<span class=sf-dump-str>$</span>\"
    +\"<span class=sf-dump-public title=\"Runtime added dynamic property\">crm_invoice_item</span>\": <span class=sf-dump-note>array:1</span> [<samp data-depth=3 class=sf-dump-compact>
      <span class=sf-dump-index>0</span> => {<a class=sf-dump-ref>#2229</a> &#8230;19}
    </samp>]
    +\"<span class=sf-dump-public title=\"Runtime added dynamic property\">customer</span>\": {<a class=sf-dump-ref>#2245</a><samp data-depth=3 class=sf-dump-compact>
      +\"<span class=sf-dump-public title=\"Runtime added dynamic property\">customer_id</span>\": <span class=sf-dump-num>10</span>
      +\"<span class=sf-dump-public title=\"Runtime added dynamic property\">lead_id</span>\": <span class=sf-dump-const>null</span>
      +\"<span class=sf-dump-public title=\"Runtime added dynamic property\">first_name</span>\": \"<span class=sf-dump-str title=\"14 characters\">ToriStar Media</span>\"
      +\"<span class=sf-dump-public title=\"Runtime added dynamic property\">last_name</span>\": <span class=sf-dump-const>null</span>
      +\"<span class=sf-dump-public title=\"Runtime added dynamic property\">gender</span>\": <span class=sf-dump-num>1</span>
      +\"<span class=sf-dump-public title=\"Runtime added dynamic property\">email</span>\": \"<span class=sf-dump-str title=\"23 characters\">toris@toristarmedia.com</span>\"
      +\"<span class=sf-dump-public title=\"Runtime added dynamic property\">company_name</span>\": <span class=sf-dump-const>null</span>
      +\"<span class=sf-dump-public title=\"Runtime added dynamic property\">website</span>\": \"<span class=sf-dump-str title=\"29 characters\">https://www.toristarmedia.com</span>\"
      +\"<span class=sf-dump-public title=\"Runtime added dynamic property\">password</span>\": \"\"
      +\"<span class=sf-dump-public title=\"Runtime added dynamic property\">status</span>\": <span class=sf-dump-num>1</span>
      +\"<span class=sf-dump-public title=\"Runtime added dynamic property\">email_verified_at</span>\": <span class=sf-dump-const>null</span>
      +\"<span class=sf-dump-public title=\"Runtime added dynamic property\">api_token</span>\": \"\"
      +\"<span class=sf-dump-public title=\"Runtime added dynamic property\">remember_token</span>\": <span class=sf-dump-const>null</span>
      +\"<span class=sf-dump-public title=\"Runtime added dynamic property\">profile_photo</span>\": <span class=sf-dump-const>null</span>
      +\"<span class=sf-dump-public title=\"Runtime added dynamic property\">is_guest</span>\": <span class=sf-dump-num>0</span>
      +\"<span class=sf-dump-public title=\"Runtime added dynamic property\">contact</span>\": <span class=sf-dump-const>null</span>
      +\"<span class=sf-dump-public title=\"Runtime added dynamic property\">date_of_birth</span>\": \"<span class=sf-dump-str title=\"10 characters\">1970-01-01</span>\"
      +\"<span class=sf-dump-public title=\"Runtime added dynamic property\">tax_id</span>\": <span class=sf-dump-const>null</span>
      +\"<span class=sf-dump-public title=\"Runtime added dynamic property\">created_by</span>\": <span class=sf-dump-num>1</span>
      +\"<span class=sf-dump-public title=\"Runtime added dynamic property\">created_at</span>\": \"<span class=sf-dump-str title=\"27 characters\">2023-10-18T11:48:09.000000Z</span>\"
      +\"<span class=sf-dump-public title=\"Runtime added dynamic property\">updated_at</span>\": \"<span class=sf-dump-str title=\"27 characters\">2023-10-18T11:48:09.000000Z</span>\"
    </samp>}
  </samp>}
  +\"<span class=sf-dump-public title=\"Runtime added dynamic property\">invoice_data</span>\": {<a class=sf-dump-ref>#2243</a><samp data-depth=2 class=sf-dump-compact>
    +\"<span class=sf-dump-public title=\"Runtime added dynamic property\">invoice_logo</span>\": \"<span class=sf-dump-str title=\"82 characters\">https://workerman.com/backend/public/storage/IT0101PL//media/assets/1685597803.png</span>\"
    +\"<span class=sf-dump-public title=\"Runtime added dynamic property\">invoice_note</span>\": \"<span class=sf-dump-str title=\"120 characters\">&lt;strong class=&quot;text-black&quot;&gt;Note: &lt;/strong&gt;This is an electronically generated invoice and does not require any signature</span>\"
    +\"<span class=sf-dump-public title=\"Runtime added dynamic property\">invoice_prefix</span>\": \"<span class=sf-dump-str title=\"11 characters\">IITPL231010</span>\"
    +\"<span class=sf-dump-public title=\"Runtime added dynamic property\">term_condition</span>\": \"\"
    +\"<span class=sf-dump-public title=\"Runtime added dynamic property\">invoice_declaration</span>\": \"\"\"
      <span class=sf-dump-str title=\"146 characters\">Supply Meant For Export Under Bond Or Letter Of Undertaking Without Payment Of IGST<span class=\"sf-dump-default sf-dump-ns\">\\n</span></span>
      <span class=sf-dump-str title=\"146 characters\">Letter Of Undertaking  Reference Number (ARN): AD070323021134Q</span>
      \"\"\"
    +\"<span class=sf-dump-public title=\"Runtime added dynamic property\">invoice_footer_info</span>\": \"\"\"
      <span class=sf-dump-str title=\"340 characters\">&lt;p style=&quot;margin-top:0&quot;&gt;&lt;strong class=&quot;text-black&quot;&gt;Registered Office:&lt;/strong&gt; Invoidea Technologies Pvt. Ltd. &lt;br&gt;<span class=\"sf-dump-default sf-dump-ns\">\\n</span></span>
      <span class=sf-dump-str title=\"340 characters\">      Address: 804, Ashok Bhawan, Nehru Place, New Delhi 110019 &lt;br&gt;<span class=\"sf-dump-default sf-dump-ns\">\\n</span></span>
      <span class=sf-dump-str title=\"340 characters\">      Phone: +91-7292 050505 Email: sales@invoidea.com Website: www.invoidea.com &lt;br&gt;<span class=\"sf-dump-default sf-dump-ns\">\\n</span></span>
      <span class=sf-dump-str title=\"340 characters\">      CIN: U72900DL2018PTC330767, GSTIN: 07AAECI7975H1Z4&lt;br&gt;<span class=\"sf-dump-default sf-dump-ns\">\\n</span></span>
      <span class=sf-dump-str title=\"340 characters\">    &lt;/p&gt;</span>
      \"\"\"
    +\"<span class=sf-dump-public title=\"Runtime added dynamic property\">bank_account</span>\": \"\"\"
      <span class=sf-dump-str title=\"283 characters\">&lt;ul style=&quot;margin:0&quot;&gt;<span class=\"sf-dump-default sf-dump-ns\">\\n</span></span>
      <span class=sf-dump-str title=\"283 characters\">          &lt;li&gt;Account Name: INVOIDEA TECHNOLOGIES PVT. LTD.&lt;/li&gt;<span class=\"sf-dump-default sf-dump-ns\">\\n</span></span>
      <span class=sf-dump-str title=\"283 characters\">          &lt;li&gt;Account Number: 50200055888479&lt;/li&gt;<span class=\"sf-dump-default sf-dump-ns\">\\n</span></span>
      <span class=sf-dump-str title=\"283 characters\">          &lt;li&gt;IFSC Code: HDFC0001374&lt;/li&gt;<span class=\"sf-dump-default sf-dump-ns\">\\n</span></span>
      <span class=sf-dump-str title=\"283 characters\">          &lt;li&gt;Bank Name: HDFC Bank&lt;/li&gt;<span class=\"sf-dump-default sf-dump-ns\">\\n</span></span>
      <span class=sf-dump-str title=\"283 characters\">          &lt;li&gt;Bank Branch: Nehru Place, Delhi&lt;/li&gt;<span class=\"sf-dump-default sf-dump-ns\">\\n</span></span>
      <span class=sf-dump-str title=\"283 characters\">        &lt;/ul&gt;</span>
      \"\"\"
    +\"<span class=sf-dump-public title=\"Runtime added dynamic property\">invoice_biller_address</span>\": \"\"\"
      <span class=sf-dump-str title=\"47 characters\">804, Ashok Bhawan, Nehru Place<span class=\"sf-dump-default sf-dump-ns\">\\n</span></span>
      <span class=sf-dump-str title=\"47 characters\">New Delhi 110019</span>
      \"\"\"
    +\"<span class=sf-dump-public title=\"Runtime added dynamic property\">business_email</span>\": \"<span class=sf-dump-str title=\"18 characters\">hello@invoidea.com</span>\"
    +\"<span class=sf-dump-public title=\"Runtime added dynamic property\">contact_phone</span>\": \"<span class=sf-dump-str title=\"15 characters\">+91 7292 050505</span>\"
    +\"<span class=sf-dump-public title=\"Runtime added dynamic property\">company_name</span>\": \"<span class=sf-dump-str title=\"31 characters\">InvoIdea Technologies Pvt. Ltd.</span>\"
  </samp>}
  +\"<span class=sf-dump-public title=\"Runtime added dynamic property\">invoice_type</span>\": \"<span class=sf-dump-str title=\"8 characters\">services</span>\"
  +\"<span class=sf-dump-public title=\"Runtime added dynamic property\">crmTaxGroup</span>\": <span class=sf-dump-note>array:2</span> [<samp data-depth=2 class=sf-dump-compact>
    <span class=sf-dump-index>0</span> => {<a class=sf-dump-ref>#2242</a><samp data-depth=3 class=sf-dump-compact>
      +\"<span class=sf-dump-public title=\"Runtime added dynamic property\">tax_group_id</span>\": <span class=sf-dump-num>1</span>
      +\"<span class=sf-dump-public title=\"Runtime added dynamic property\">tax_group_name</span>\": \"<span class=sf-dump-str title=\"7 characters\">GST 18%</span>\"
      +\"<span class=sf-dump-public title=\"Runtime added dynamic property\">status</span>\": <span class=sf-dump-num>1</span>
      +\"<span class=sf-dump-public title=\"Runtime added dynamic property\">updated_at</span>\": \"<span class=sf-dump-str title=\"19 characters\">2023-10-17 13:42:43</span>\"
      +\"<span class=sf-dump-public title=\"Runtime added dynamic property\">tax_info</span>\": <span class=sf-dump-note>array:2</span> [ &#8230;2]
    </samp>}
    <span class=sf-dump-index>1</span> => {<a class=sf-dump-ref>#2238</a><samp data-depth=3 class=sf-dump-compact>
      +\"<span class=sf-dump-public title=\"Runtime added dynamic property\">tax_group_id</span>\": <span class=sf-dump-num>2</span>
      +\"<span class=sf-dump-public title=\"Runtime added dynamic property\">tax_group_name</span>\": \"<span class=sf-dump-str title=\"8 characters\">IGST 18%</span>\"
      +\"<span class=sf-dump-public title=\"Runtime added dynamic property\">status</span>\": <span class=sf-dump-num>1</span>
      +\"<span class=sf-dump-public title=\"Runtime added dynamic property\">updated_at</span>\": \"<span class=sf-dump-str title=\"19 characters\">2023-10-17 13:44:53</span>\"
      +\"<span class=sf-dump-public title=\"Runtime added dynamic property\">tax_info</span>\": <span class=sf-dump-note>array:1</span> [ &#8230;1]
    </samp>}
  </samp>]
  +\"<span class=sf-dump-public title=\"Runtime added dynamic property\">address_list</span>\": <span class=sf-dump-note>array:1</span> [<samp data-depth=2 class=sf-dump-compact>
    <span class=sf-dump-index>0</span> => {<a class=sf-dump-ref>#2222</a><samp data-depth=3 class=sf-dump-compact>
      +\"<span class=sf-dump-public title=\"Runtime added dynamic property\">address_id</span>\": <span class=sf-dump-num>10</span>
      +\"<span class=sf-dump-public title=\"Runtime added dynamic property\">customer_id</span>\": <span class=sf-dump-num>10</span>
      +\"<span class=sf-dump-public title=\"Runtime added dynamic property\">address_type</span>\": <span class=sf-dump-num>2</span>
      +\"<span class=sf-dump-public title=\"Runtime added dynamic property\">customer_name</span>\": \"<span class=sf-dump-str title=\"14 characters\">ToriStar Media</span>\"
      +\"<span class=sf-dump-public title=\"Runtime added dynamic property\">customer_company</span>\": <span class=sf-dump-const>null</span>
      +\"<span class=sf-dump-public title=\"Runtime added dynamic property\">customer_email</span>\": \"<span class=sf-dump-str title=\"23 characters\">toris@toristarmedia.com</span>\"
      +\"<span class=sf-dump-public title=\"Runtime added dynamic property\">street_address</span>\": \"<span class=sf-dump-str title=\"26 characters\">4780 Ashford Dunwoody Road</span>\"
      +\"<span class=sf-dump-public title=\"Runtime added dynamic property\">city</span>\": \"<span class=sf-dump-str title=\"7 characters\">Atlanta</span>\"
      +\"<span class=sf-dump-public title=\"Runtime added dynamic property\">state</span>\": \"<span class=sf-dump-str title=\"2 characters\">GA</span>\"
      +\"<span class=sf-dump-public title=\"Runtime added dynamic property\">zipcode</span>\": \"<span class=sf-dump-str title=\"5 characters\">30338</span>\"
      +\"<span class=sf-dump-public title=\"Runtime added dynamic property\">countries_id</span>\": <span class=sf-dump-num>223</span>
      +\"<span class=sf-dump-public title=\"Runtime added dynamic property\">phone</span>\": <span class=sf-dump-const>null</span>
      +\"<span class=sf-dump-public title=\"Runtime added dynamic property\">tax_id</span>\": <span class=sf-dump-const>null</span>
      +\"<span class=sf-dump-public title=\"Runtime added dynamic property\">is_default</span>\": <span class=sf-dump-num>0</span>
      +\"<span class=sf-dump-public title=\"Runtime added dynamic property\">status</span>\": <span class=sf-dump-num>1</span>
      +\"<span class=sf-dump-public title=\"Runtime added dynamic property\">created_at</span>\": \"<span class=sf-dump-str title=\"27 characters\">2023-10-18T11:48:09.000000Z</span>\"
      +\"<span class=sf-dump-public title=\"Runtime added dynamic property\">updated_at</span>\": \"<span class=sf-dump-str title=\"27 characters\">2023-10-18T11:48:09.000000Z</span>\"
      +\"<span class=sf-dump-public title=\"Runtime added dynamic property\">country_name</span>\": \"<span class=sf-dump-str title=\"13 characters\">United States</span>\"
    </samp>}
  </samp>]
  +\"<span class=sf-dump-public title=\"Runtime added dynamic property\">currencyName</span>\": \"<span class=sf-dump-str title=\"9 characters\">US dollar</span>\"
</samp>}
</pre><script>Sfdump(\"sf-dump-685819506\", {\"maxDepth\":3,\"maxStringLength\":160})</script>
"}},"exception":"[object] (Spatie\\LaravelIgnition\\Exceptions\\ViewException(code: 0): Undefined array key 10 at /home/workerman/public_html/dashboard/app/Helper/Helper.php:533)
[stacktrace]
#0 /home/workerman/public_html/dashboard/vendor/laravel/framework/src/Illuminate/Foundation/Bootstrap/HandleExceptions.php(270): Illuminate\\Foundation\\Bootstrap\\HandleExceptions->handleError(2, 'Undefined array...', '/home/workerman...', 533)
#1 /home/workerman/public_html/dashboard/app/Helper/Helper.php(533): Illuminate\\Foundation\\Bootstrap\\HandleExceptions->Illuminate\\Foundation\\Bootstrap\\{closure}(2, 'Undefined array...', '/home/workerman...', 533)
#2 /home/workerman/public_html/dashboard/Modules/Sales/src/resources/views/invoice/invoice-details-pdf/invoice_template_1.blade.php(552): App\\Helper\\Helper::numberToWords('1110.03')
#3 /home/workerman/public_html/dashboard/vendor/laravel/framework/src/Illuminate/Filesystem/Filesystem.php(109): require('/home/workerman...')
#4 /home/workerman/public_html/dashboard/vendor/laravel/framework/src/Illuminate/Filesystem/Filesystem.php(110): Illuminate\\Filesystem\\Filesystem::Illuminate\\Filesystem\\{closure}()
#5 /home/workerman/public_html/dashboard/vendor/laravel/framework/src/Illuminate/View/Engines/PhpEngine.php(58): Illuminate\\Filesystem\\Filesystem->getRequire('/home/workerman...', Array)
#6 /home/workerman/public_html/dashboard/vendor/laravel/framework/src/Illuminate/View/Engines/CompilerEngine.php(70): Illuminate\\View\\Engines\\PhpEngine->evaluatePath('/home/workerman...', Array)
#7 /home/workerman/public_html/dashboard/vendor/laravel/framework/src/Illuminate/View/View.php(195): Illuminate\\View\\Engines\\CompilerEngine->get('/home/workerman...', Array)
#8 /home/workerman/public_html/dashboard/vendor/laravel/framework/src/Illuminate/View/View.php(178): Illuminate\\View\\View->getContents()
#9 /home/workerman/public_html/dashboard/vendor/laravel/framework/src/Illuminate/View/View.php(147): Illuminate\\View\\View->renderContents()
#10 /home/workerman/public_html/dashboard/vendor/barryvdh/laravel-snappy/src/PdfWrapper.php(140): Illuminate\\View\\View->render()
#11 /home/workerman/public_html/dashboard/vendor/barryvdh/laravel-snappy/src/PdfWrapper.php(172): Barryvdh\\Snappy\\PdfWrapper->loadHTML(Object(Illuminate\\View\\View))
#12 /home/workerman/public_html/dashboard/vendor/laravel/framework/src/Illuminate/Support/Facades/Facade.php(338): Barryvdh\\Snappy\\PdfWrapper->loadView(Object(Illuminate\\View\\View), Array)
#13 /home/workerman/public_html/dashboard/Modules/Sales/src/Http/Controllers/InvoiceController.php(440): Illuminate\\Support\\Facades\\Facade::__callStatic('loadView', Array)
#14 /home/workerman/public_html/dashboard/vendor/laravel/framework/src/Illuminate/Routing/Controller.php(54): Modules\\Sales\\Http\\Controllers\\InvoiceController->invoiceDownload(Object(Illuminate\\Http\\Request), 'IITPL23071086')
#15 /home/workerman/public_html/dashboard/vendor/laravel/framework/src/Illuminate/Routing/ControllerDispatcher.php(43): Illuminate\\Routing\\Controller->callAction('invoiceDownload', Array)
#16 /home/workerman/public_html/dashboard/vendor/laravel/framework/src/Illuminate/Routing/Route.php(260): Illuminate\\Routing\\ControllerDispatcher->dispatch(Object(Illuminate\\Routing\\Route), Object(Modules\\Sales\\Http\\Controllers\\InvoiceController), 'invoiceDownload')
#17 /home/workerman/public_html/dashboard/vendor/laravel/framework/src/Illuminate/Routing/Route.php(205): Illuminate\\Routing\\Route->runController()
#18 /home/workerman/public_html/dashboard/vendor/laravel/framework/src/Illuminate/Routing/Router.php(798): Illuminate\\Routing\\Route->run()
#19 /home/workerman/public_html/dashboard/vendor/laravel/framework/src/Illuminate/Pipeline/Pipeline.php(141): Illuminate\\Routing\\Router->Illuminate\\Routing\\{closure}(Object(Illuminate\\Http\\Request))
#20 /home/workerman/public_html/dashboard/vendor/laravel/framework/src/Illuminate/Pipeline/Pipeline.php(116): Illuminate\\Pipeline\\Pipeline->Illuminate\\Pipeline\\{closure}(Object(Illuminate\\Http\\Request))
#21 /home/workerman/public_html/dashboard/vendor/laravel/framework/src/Illuminate/Routing/Router.php(799): Illuminate\\Pipeline\\Pipeline->then(Object(Closure))
#22 /home/workerman/public_html/dashboard/vendor/laravel/framework/src/Illuminate/Routing/Router.php(776): Illuminate\\Routing\\Router->runRouteWithinStack(Object(Illuminate\\Routing\\Route), Object(Illuminate\\Http\\Request))
#23 /home/workerman/public_html/dashboard/vendor/laravel/framework/src/Illuminate/Routing/Router.php(740): Illuminate\\Routing\\Router->runRoute(Object(Illuminate\\Http\\Request), Object(Illuminate\\Routing\\Route))
#24 /home/workerman/public_html/dashboard/vendor/laravel/framework/src/Illuminate/Routing/Router.php(729): Illuminate\\Routing\\Router->dispatchToRoute(Object(Illuminate\\Http\\Request))
#25 /home/workerman/public_html/dashboard/vendor/laravel/framework/src/Illuminate/Foundation/Http/Kernel.php(190): Illuminate\\Routing\\Router->dispatch(Object(Illuminate\\Http\\Request))
#26 /home/workerman/public_html/dashboard/vendor/laravel/framework/src/Illuminate/Pipeline/Pipeline.php(141): Illuminate\\Foundation\\Http\\Kernel->Illuminate\\Foundation\\Http\\{closure}(Object(Illuminate\\Http\\Request))
#27 /home/workerman/public_html/dashboard/app/Http/Middleware/ApiTokenCheck.php(65): Illuminate\\Pipeline\\Pipeline->Illuminate\\Pipeline\\{closure}(Object(Illuminate\\Http\\Request))
#28 /home/workerman/public_html/dashboard/vendor/laravel/framework/src/Illuminate/Pipeline/Pipeline.php(180): App\\Http\\Middleware\\ApiTokenCheck->handle(Object(Illuminate\\Http\\Request), Object(Closure))
#29 /home/workerman/public_html/dashboard/vendor/laravel/framework/src/Illuminate/Foundation/Http/Middleware/TransformsRequest.php(21): Illuminate\\Pipeline\\Pipeline->Illuminate\\Pipeline\\{closure}(Object(Illuminate\\Http\\Request))
#30 /home/workerman/public_html/dashboard/vendor/laravel/framework/src/Illuminate/Foundation/Http/Middleware/ConvertEmptyStringsToNull.php(31): Illuminate\\Foundation\\Http\\Middleware\\TransformsRequest->handle(Object(Illuminate\\Http\\Request), Object(Closure))
#31 /home/workerman/public_html/dashboard/vendor/laravel/framework/src/Illuminate/Pipeline/Pipeline.php(180): Illuminate\\Foundation\\Http\\Middleware\\ConvertEmptyStringsToNull->handle(Object(Illuminate\\Http\\Request), Object(Closure))
#32 /home/workerman/public_html/dashboard/vendor/laravel/framework/src/Illuminate/Foundation/Http/Middleware/TransformsRequest.php(21): Illuminate\\Pipeline\\Pipeline->Illuminate\\Pipeline\\{closure}(Object(Illuminate\\Http\\Request))
#33 /home/workerman/public_html/dashboard/vendor/laravel/framework/src/Illuminate/Foundation/Http/Middleware/TrimStrings.php(40): Illuminate\\Foundation\\Http\\Middleware\\TransformsRequest->handle(Object(Illuminate\\Http\\Request), Object(Closure))
#34 /home/workerman/public_html/dashboard/vendor/laravel/framework/src/Illuminate/Pipeline/Pipeline.php(180): Illuminate\\Foundation\\Http\\Middleware\\TrimStrings->handle(Object(Illuminate\\Http\\Request), Object(Closure))
#35 /home/workerman/public_html/dashboard/vendor/laravel/framework/src/Illuminate/Foundation/Http/Middleware/ValidatePostSize.php(27): Illuminate\\Pipeline\\Pipeline->Illuminate\\Pipeline\\{closure}(Object(Illuminate\\Http\\Request))
#36 /home/workerman/public_html/dashboard/vendor/laravel/framework/src/Illuminate/Pipeline/Pipeline.php(180): Illuminate\\Foundation\\Http\\Middleware\\ValidatePostSize->handle(Object(Illuminate\\Http\\Request), Object(Closure))
#37 /home/workerman/public_html/dashboard/vendor/laravel/framework/src/Illuminate/Foundation/Http/Middleware/PreventRequestsDuringMaintenance.php(86): Illuminate\\Pipeline\\Pipeline->Illuminate\\Pipeline\\{closure}(Object(Illuminate\\Http\\Request))
#38 /home/workerman/public_html/dashboard/vendor/laravel/framework/src/Illuminate/Pipeline/Pipeline.php(180): Illuminate\\Foundation\\Http\\Middleware\\PreventRequestsDuringMaintenance->handle(Object(Illuminate\\Http\\Request), Object(Closure))
#39 /home/workerman/public_html/dashboard/vendor/laravel/framework/src/Illuminate/Http/Middleware/TrustProxies.php(39): Illuminate\\Pipeline\\Pipeline->Illuminate\\Pipeline\\{closure}(Object(Illuminate\\Http\\Request))
#40 /home/workerman/public_html/dashboard/vendor/laravel/framework/src/Illuminate/Pipeline/Pipeline.php(180): Illuminate\\Http\\Middleware\\TrustProxies->handle(Object(Illuminate\\Http\\Request), Object(Closure))
#41 /home/workerman/public_html/dashboard/app/Http/Middleware/VerifyWebsiteSession.php(28): Illuminate\\Pipeline\\Pipeline->Illuminate\\Pipeline\\{closure}(Object(Illuminate\\Http\\Request))
#42 /home/workerman/public_html/dashboard/vendor/laravel/framework/src/Illuminate/Pipeline/Pipeline.php(180): App\\Http\\Middleware\\VerifyWebsiteSession->handle(Object(Illuminate\\Http\\Request), Object(Closure))
#43 /home/workerman/public_html/dashboard/vendor/laravel/framework/src/Illuminate/View/Middleware/ShareErrorsFromSession.php(49): Illuminate\\Pipeline\\Pipeline->Illuminate\\Pipeline\\{closure}(Object(Illuminate\\Http\\Request))
#44 /home/workerman/public_html/dashboard/vendor/laravel/framework/src/Illuminate/Pipeline/Pipeline.php(180): Illuminate\\View\\Middleware\\ShareErrorsFromSession->handle(Object(Illuminate\\Http\\Request), Object(Closure))
#45 /home/workerman/public_html/dashboard/vendor/laravel/framework/src/Illuminate/Session/Middleware/StartSession.php(121): Illuminate\\Pipeline\\Pipeline->Illuminate\\Pipeline\\{closure}(Object(Illuminate\\Http\\Request))
#46 /home/workerman/public_html/dashboard/vendor/laravel/framework/src/Illuminate/Session/Middleware/StartSession.php(64): Illuminate\\Session\\Middleware\\StartSession->handleStatefulRequest(Object(Illuminate\\Http\\Request), Object(Illuminate\\Session\\Store), Object(Closure))
#47 /home/workerman/public_html/dashboard/vendor/laravel/framework/src/Illuminate/Pipeline/Pipeline.php(180): Illuminate\\Session\\Middleware\\StartSession->handle(Object(Illuminate\\Http\\Request), Object(Closure))
#48 /home/workerman/public_html/dashboard/vendor/laravel/framework/src/Illuminate/Pipeline/Pipeline.php(116): Illuminate\\Pipeline\\Pipeline->Illuminate\\Pipeline\\{closure}(Object(Illuminate\\Http\\Request))
#49 /home/workerman/public_html/dashboard/vendor/laravel/framework/src/Illuminate/Foundation/Http/Kernel.php(165): Illuminate\\Pipeline\\Pipeline->then(Object(Closure))
#50 /home/workerman/public_html/dashboard/vendor/laravel/framework/src/Illuminate/Foundation/Http/Kernel.php(134): Illuminate\\Foundation\\Http\\Kernel->sendRequestThroughRouter(Object(Illuminate\\Http\\Request))
#51 /home/workerman/public_html/dashboard/public/index.php(55): Illuminate\\Foundation\\Http\\Kernel->handle(Object(Illuminate\\Http\\Request))
#52 {main}

[previous exception] [object] (ErrorException(code: 0): Undefined array key 10 at /home/workerman/public_html/dashboard/app/Helper/Helper.php:533)
[stacktrace]
#0 /home/workerman/public_html/dashboard/vendor/laravel/framework/src/Illuminate/Foundation/Bootstrap/HandleExceptions.php(270): Illuminate\\Foundation\\Bootstrap\\HandleExceptions->handleError(2, 'Undefined array...', '/home/workerman...', 533)
#1 /home/workerman/public_html/dashboard/app/Helper/Helper.php(533): Illuminate\\Foundation\\Bootstrap\\HandleExceptions->Illuminate\\Foundation\\Bootstrap\\{closure}(2, 'Undefined array...', '/home/workerman...', 533)
#2 /home/workerman/public_html/dashboard/storage/framework/views/23ed82cec29525c5a94ec5c1dbefa3f1b9985cbf.php(581): App\\Helper\\Helper::numberToWords('1110.03')
#3 /home/workerman/public_html/dashboard/vendor/laravel/framework/src/Illuminate/Filesystem/Filesystem.php(109): require('/home/workerman...')
#4 /home/workerman/public_html/dashboard/vendor/laravel/framework/src/Illuminate/Filesystem/Filesystem.php(110): Illuminate\\Filesystem\\Filesystem::Illuminate\\Filesystem\\{closure}()
#5 /home/workerman/public_html/dashboard/vendor/laravel/framework/src/Illuminate/View/Engines/PhpEngine.php(58): Illuminate\\Filesystem\\Filesystem->getRequire('/home/workerman...', Array)
#6 /home/workerman/public_html/dashboard/vendor/laravel/framework/src/Illuminate/View/Engines/CompilerEngine.php(70): Illuminate\\View\\Engines\\PhpEngine->evaluatePath('/home/workerman...', Array)
#7 /home/workerman/public_html/dashboard/vendor/laravel/framework/src/Illuminate/View/View.php(195): Illuminate\\View\\Engines\\CompilerEngine->get('/home/workerman...', Array)
#8 /home/workerman/public_html/dashboard/vendor/laravel/framework/src/Illuminate/View/View.php(178): Illuminate\\View\\View->getContents()
#9 /home/workerman/public_html/dashboard/vendor/laravel/framework/src/Illuminate/View/View.php(147): Illuminate\\View\\View->renderContents()
#10 /home/workerman/public_html/dashboard/vendor/barryvdh/laravel-snappy/src/PdfWrapper.php(140): Illuminate\\View\\View->render()
#11 /home/workerman/public_html/dashboard/vendor/barryvdh/laravel-snappy/src/PdfWrapper.php(172): Barryvdh\\Snappy\\PdfWrapper->loadHTML(Object(Illuminate\\View\\View))
#12 /home/workerman/public_html/dashboard/vendor/laravel/framework/src/Illuminate/Support/Facades/Facade.php(338): Barryvdh\\Snappy\\PdfWrapper->loadView(Object(Illuminate\\View\\View), Array)
#13 /home/workerman/public_html/dashboard/Modules/Sales/src/Http/Controllers/InvoiceController.php(440): Illuminate\\Support\\Facades\\Facade::__callStatic('loadView', Array)
#14 /home/workerman/public_html/dashboard/vendor/laravel/framework/src/Illuminate/Routing/Controller.php(54): Modules\\Sales\\Http\\Controllers\\InvoiceController->invoiceDownload(Object(Illuminate\\Http\\Request), 'IITPL23071086')
#15 /home/workerman/public_html/dashboard/vendor/laravel/framework/src/Illuminate/Routing/ControllerDispatcher.php(43): Illuminate\\Routing\\Controller->callAction('invoiceDownload', Array)
#16 /home/workerman/public_html/dashboard/vendor/laravel/framework/src/Illuminate/Routing/Route.php(260): Illuminate\\Routing\\ControllerDispatcher->dispatch(Object(Illuminate\\Routing\\Route), Object(Modules\\Sales\\Http\\Controllers\\InvoiceController), 'invoiceDownload')
#17 /home/workerman/public_html/dashboard/vendor/laravel/framework/src/Illuminate/Routing/Route.php(205): Illuminate\\Routing\\Route->runController()
#18 /home/workerman/public_html/dashboard/vendor/laravel/framework/src/Illuminate/Routing/Router.php(798): Illuminate\\Routing\\Route->run()
#19 /home/workerman/public_html/dashboard/vendor/laravel/framework/src/Illuminate/Pipeline/Pipeline.php(141): Illuminate\\Routing\\Router->Illuminate\\Routing\\{closure}(Object(Illuminate\\Http\\Request))
#20 /home/workerman/public_html/dashboard/vendor/laravel/framework/src/Illuminate/Pipeline/Pipeline.php(116): Illuminate\\Pipeline\\Pipeline->Illuminate\\Pipeline\\{closure}(Object(Illuminate\\Http\\Request))
#21 /home/workerman/public_html/dashboard/vendor/laravel/framework/src/Illuminate/Routing/Router.php(799): Illuminate\\Pipeline\\Pipeline->then(Object(Closure))
#22 /home/workerman/public_html/dashboard/vendor/laravel/framework/src/Illuminate/Routing/Router.php(776): Illuminate\\Routing\\Router->runRouteWithinStack(Object(Illuminate\\Routing\\Route), Object(Illuminate\\Http\\Request))
#23 /home/workerman/public_html/dashboard/vendor/laravel/framework/src/Illuminate/Routing/Router.php(740): Illuminate\\Routing\\Router->runRoute(Object(Illuminate\\Http\\Request), Object(Illuminate\\Routing\\Route))
#24 /home/workerman/public_html/dashboard/vendor/laravel/framework/src/Illuminate/Routing/Router.php(729): Illuminate\\Routing\\Router->dispatchToRoute(Object(Illuminate\\Http\\Request))
#25 /home/workerman/public_html/dashboard/vendor/laravel/framework/src/Illuminate/Foundation/Http/Kernel.php(190): Illuminate\\Routing\\Router->dispatch(Object(Illuminate\\Http\\Request))
#26 /home/workerman/public_html/dashboard/vendor/laravel/framework/src/Illuminate/Pipeline/Pipeline.php(141): Illuminate\\Foundation\\Http\\Kernel->Illuminate\\Foundation\\Http\\{closure}(Object(Illuminate\\Http\\Request))
#27 /home/workerman/public_html/dashboard/app/Http/Middleware/ApiTokenCheck.php(65): Illuminate\\Pipeline\\Pipeline->Illuminate\\Pipeline\\{closure}(Object(Illuminate\\Http\\Request))
#28 /home/workerman/public_html/dashboard/vendor/laravel/framework/src/Illuminate/Pipeline/Pipeline.php(180): App\\Http\\Middleware\\ApiTokenCheck->handle(Object(Illuminate\\Http\\Request), Object(Closure))
#29 /home/workerman/public_html/dashboard/vendor/laravel/framework/src/Illuminate/Foundation/Http/Middleware/TransformsRequest.php(21): Illuminate\\Pipeline\\Pipeline->Illuminate\\Pipeline\\{closure}(Object(Illuminate\\Http\\Request))
#30 /home/workerman/public_html/dashboard/vendor/laravel/framework/src/Illuminate/Foundation/Http/Middleware/ConvertEmptyStringsToNull.php(31): Illuminate\\Foundation\\Http\\Middleware\\TransformsRequest->handle(Object(Illuminate\\Http\\Request), Object(Closure))
#31 /home/workerman/public_html/dashboard/vendor/laravel/framework/src/Illuminate/Pipeline/Pipeline.php(180): Illuminate\\Foundation\\Http\\Middleware\\ConvertEmptyStringsToNull->handle(Object(Illuminate\\Http\\Request), Object(Closure))
#32 /home/workerman/public_html/dashboard/vendor/laravel/framework/src/Illuminate/Foundation/Http/Middleware/TransformsRequest.php(21): Illuminate\\Pipeline\\Pipeline->Illuminate\\Pipeline\\{closure}(Object(Illuminate\\Http\\Request))
#33 /home/workerman/public_html/dashboard/vendor/laravel/framework/src/Illuminate/Foundation/Http/Middleware/TrimStrings.php(40): Illuminate\\Foundation\\Http\\Middleware\\TransformsRequest->handle(Object(Illuminate\\Http\\Request), Object(Closure))
#34 /home/workerman/public_html/dashboard/vendor/laravel/framework/src/Illuminate/Pipeline/Pipeline.php(180): Illuminate\\Foundation\\Http\\Middleware\\TrimStrings->handle(Object(Illuminate\\Http\\Request), Object(Closure))
#35 /home/workerman/public_html/dashboard/vendor/laravel/framework/src/Illuminate/Foundation/Http/Middleware/ValidatePostSize.php(27): Illuminate\\Pipeline\\Pipeline->Illuminate\\Pipeline\\{closure}(Object(Illuminate\\Http\\Request))
#36 /home/workerman/public_html/dashboard/vendor/laravel/framework/src/Illuminate/Pipeline/Pipeline.php(180): Illuminate\\Foundation\\Http\\Middleware\\ValidatePostSize->handle(Object(Illuminate\\Http\\Request), Object(Closure))
#37 /home/workerman/public_html/dashboard/vendor/laravel/framework/src/Illuminate/Foundation/Http/Middleware/PreventRequestsDuringMaintenance.php(86): Illuminate\\Pipeline\\Pipeline->Illuminate\\Pipeline\\{closure}(Object(Illuminate\\Http\\Request))
#38 /home/workerman/public_html/dashboard/vendor/laravel/framework/src/Illuminate/Pipeline/Pipeline.php(180): Illuminate\\Foundation\\Http\\Middleware\\PreventRequestsDuringMaintenance->handle(Object(Illuminate\\Http\\Request), Object(Closure))
#39 /home/workerman/public_html/dashboard/vendor/laravel/framework/src/Illuminate/Http/Middleware/TrustProxies.php(39): Illuminate\\Pipeline\\Pipeline->Illuminate\\Pipeline\\{closure}(Object(Illuminate\\Http\\Request))
#40 /home/workerman/public_html/dashboard/vendor/laravel/framework/src/Illuminate/Pipeline/Pipeline.php(180): Illuminate\\Http\\Middleware\\TrustProxies->handle(Object(Illuminate\\Http\\Request), Object(Closure))
#41 /home/workerman/public_html/dashboard/app/Http/Middleware/VerifyWebsiteSession.php(28): Illuminate\\Pipeline\\Pipeline->Illuminate\\Pipeline\\{closure}(Object(Illuminate\\Http\\Request))
#42 /home/workerman/public_html/dashboard/vendor/laravel/framework/src/Illuminate/Pipeline/Pipeline.php(180): App\\Http\\Middleware\\VerifyWebsiteSession->handle(Object(Illuminate\\Http\\Request), Object(Closure))
#43 /home/workerman/public_html/dashboard/vendor/laravel/framework/src/Illuminate/View/Middleware/ShareErrorsFromSession.php(49): Illuminate\\Pipeline\\Pipeline->Illuminate\\Pipeline\\{closure}(Object(Illuminate\\Http\\Request))
#44 /home/workerman/public_html/dashboard/vendor/laravel/framework/src/Illuminate/Pipeline/Pipeline.php(180): Illuminate\\View\\Middleware\\ShareErrorsFromSession->handle(Object(Illuminate\\Http\\Request), Object(Closure))
#45 /home/workerman/public_html/dashboard/vendor/laravel/framework/src/Illuminate/Session/Middleware/StartSession.php(121): Illuminate\\Pipeline\\Pipeline->Illuminate\\Pipeline\\{closure}(Object(Illuminate\\Http\\Request))
#46 /home/workerman/public_html/dashboard/vendor/laravel/framework/src/Illuminate/Session/Middleware/StartSession.php(64): Illuminate\\Session\\Middleware\\StartSession->handleStatefulRequest(Object(Illuminate\\Http\\Request), Object(Illuminate\\Session\\Store), Object(Closure))
#47 /home/workerman/public_html/dashboard/vendor/laravel/framework/src/Illuminate/Pipeline/Pipeline.php(180): Illuminate\\Session\\Middleware\\StartSession->handle(Object(Illuminate\\Http\\Request), Object(Closure))
#48 /home/workerman/public_html/dashboard/vendor/laravel/framework/src/Illuminate/Pipeline/Pipeline.php(116): Illuminate\\Pipeline\\Pipeline->Illuminate\\Pipeline\\{closure}(Object(Illuminate\\Http\\Request))
#49 /home/workerman/public_html/dashboard/vendor/laravel/framework/src/Illuminate/Foundation/Http/Kernel.php(165): Illuminate\\Pipeline\\Pipeline->then(Object(Closure))
#50 /home/workerman/public_html/dashboard/vendor/laravel/framework/src/Illuminate/Foundation/Http/Kernel.php(134): Illuminate\\Foundation\\Http\\Kernel->sendRequestThroughRouter(Object(Illuminate\\Http\\Request))
#51 /home/workerman/public_html/dashboard/public/index.php(55): Illuminate\\Foundation\\Http\\Kernel->handle(Object(Illuminate\\Http\\Request))
#52 {main}
"} 
